2016-07-25 00:46:47 Warning: DebugKit not enabled. You need to either install pdo_sqlite, or define the "debug_kit" connection name.
2016-07-25 02:42:21 Warning: DebugKit not enabled. You need to either install pdo_sqlite, or define the "debug_kit" connection name.
2016-08-01 00:57:24 Warning: DebugKit not enabled. You need to either install pdo_sqlite, or define the "debug_kit" connection name.
2016-08-01 01:03:31 Warning: DebugKit not enabled. You need to either install pdo_sqlite, or define the "debug_kit" connection name.
2016-08-01 01:10:02 Warning: DebugKit not enabled. You need to either install pdo_sqlite, or define the "debug_kit" connection name.
2016-08-01 01:11:58 Warning: DebugKit not enabled. You need to either install pdo_sqlite, or define the "debug_kit" connection name.
2016-08-01 01:11:58 Error: [Cake\Controller\Exception\MissingActionException] Action HeloController::index() could not be found, or is not accessible.
Exception Attributes: array (
  'controller' => 'HeloController',
  'action' => 'index',
  'prefix' => '',
  'plugin' => NULL,
)
Request URL: /my_first_cake/helo
Client IP: 10.0.2.2
Stack Trace:
#0 /var/www/html/my_first_cake/vendor/cakephp/cakephp/src/Routing/Dispatcher.php(114): Cake\Controller\Controller->invokeAction()
#1 /var/www/html/my_first_cake/vendor/cakephp/cakephp/src/Routing/Dispatcher.php(87): Cake\Routing\Dispatcher->_invoke(Object(App\Controller\HeloController))
#2 /var/www/html/my_first_cake/webroot/index.php(37): Cake\Routing\Dispatcher->dispatch(Object(Cake\Network\Request), Object(Cake\Network\Response))
#3 {main}


2016-08-01 01:12:04 Warning: DebugKit not enabled. You need to either install pdo_sqlite, or define the "debug_kit" connection name.
2016-08-01 01:12:17 Warning: DebugKit not enabled. You need to either install pdo_sqlite, or define the "debug_kit" connection name.
2016-08-01 01:13:12 Warning: DebugKit not enabled. You need to either install pdo_sqlite, or define the "debug_kit" connection name.
2016-08-01 01:16:55 Warning: DebugKit not enabled. You need to either install pdo_sqlite, or define the "debug_kit" connection name.
2016-08-01 01:16:55 Error: Fatal Error (4): syntax error, unexpected 'button' (T_STRING), expecting ',' or ';' in [/var/www/html/my_first_cake/src/Controller/HeloController.php, line 15]
Request URL: /my_first_cake/helo
Client IP: 10.0.2.2
Trace:
Cake\Error\BaseErrorHandler::handleFatalError() - CORE/src/Error/BaseErrorHandler.php, line 215
Cake\Error\BaseErrorHandler::Cake\Error\{closure}() - CORE/src/Error/BaseErrorHandler.php, line 98
[main] - [internal], line ??



2016-08-01 01:16:55 Error: [Cake\Error\FatalErrorException] syntax error, unexpected 'button' (T_STRING), expecting ',' or ';'
Request URL: /my_first_cake/helo
Client IP: 10.0.2.2
Stack Trace:
#0 /var/www/html/my_first_cake/vendor/cakephp/cakephp/src/Error/BaseErrorHandler.php(98): Cake\Error\BaseErrorHandler->handleFatalError(4, 'syntax error, u...', '/var/www/html/m...', 15)
#1 [internal function]: Cake\Error\BaseErrorHandler->Cake\Error\{closure}()
#2 {main}


2016-08-01 01:17:56 Warning: DebugKit not enabled. You need to either install pdo_sqlite, or define the "debug_kit" connection name.
2016-08-01 01:19:17 Warning: DebugKit not enabled. You need to either install pdo_sqlite, or define the "debug_kit" connection name.
2016-08-01 01:20:26 Warning: DebugKit not enabled. You need to either install pdo_sqlite, or define the "debug_kit" connection name.
2016-08-01 01:20:26 Error: Fatal Error (4): syntax error, unexpected 'click' (T_STRING), expecting ',' or ';' in [/var/www/html/my_first_cake/src/Controller/HeloController.php, line 15]
Request URL: /my_first_cake/helo
Client IP: 10.0.2.2
Trace:
Cake\Error\BaseErrorHandler::handleFatalError() - CORE/src/Error/BaseErrorHandler.php, line 215
Cake\Error\BaseErrorHandler::Cake\Error\{closure}() - CORE/src/Error/BaseErrorHandler.php, line 98
[main] - [internal], line ??



2016-08-01 01:20:26 Error: [Cake\Error\FatalErrorException] syntax error, unexpected 'click' (T_STRING), expecting ',' or ';'
Request URL: /my_first_cake/helo
Client IP: 10.0.2.2
Stack Trace:
#0 /var/www/html/my_first_cake/vendor/cakephp/cakephp/src/Error/BaseErrorHandler.php(98): Cake\Error\BaseErrorHandler->handleFatalError(4, 'syntax error, u...', '/var/www/html/m...', 15)
#1 [internal function]: Cake\Error\BaseErrorHandler->Cake\Error\{closure}()
#2 {main}


2016-08-01 01:20:51 Warning: DebugKit not enabled. You need to either install pdo_sqlite, or define the "debug_kit" connection name.
2016-08-01 01:20:51 Error: Fatal Error (4): syntax error, unexpected 'click' (T_STRING), expecting ',' or ';' in [/var/www/html/my_first_cake/src/Controller/HeloController.php, line 15]
Request URL: /my_first_cake/helo
Client IP: 10.0.2.2
Trace:
Cake\Error\BaseErrorHandler::handleFatalError() - CORE/src/Error/BaseErrorHandler.php, line 215
Cake\Error\BaseErrorHandler::Cake\Error\{closure}() - CORE/src/Error/BaseErrorHandler.php, line 98
[main] - [internal], line ??



2016-08-01 01:20:51 Error: [Cake\Error\FatalErrorException] syntax error, unexpected 'click' (T_STRING), expecting ',' or ';'
Request URL: /my_first_cake/helo
Client IP: 10.0.2.2
Stack Trace:
#0 /var/www/html/my_first_cake/vendor/cakephp/cakephp/src/Error/BaseErrorHandler.php(98): Cake\Error\BaseErrorHandler->handleFatalError(4, 'syntax error, u...', '/var/www/html/m...', 15)
#1 [internal function]: Cake\Error\BaseErrorHandler->Cake\Error\{closure}()
#2 {main}


2016-08-01 01:21:05 Warning: DebugKit not enabled. You need to either install pdo_sqlite, or define the "debug_kit" connection name.
2016-08-01 01:21:55 Warning: DebugKit not enabled. You need to either install pdo_sqlite, or define the "debug_kit" connection name.
2016-08-01 01:22:03 Warning: DebugKit not enabled. You need to either install pdo_sqlite, or define the "debug_kit" connection name.
2016-08-01 01:22:58 Warning: DebugKit not enabled. You need to either install pdo_sqlite, or define the "debug_kit" connection name.
2016-08-01 01:26:27 Warning: DebugKit not enabled. You need to either install pdo_sqlite, or define the "debug_kit" connection name.
2016-08-01 01:35:03 Warning: DebugKit not enabled. You need to either install pdo_sqlite, or define the "debug_kit" connection name.
2016-08-01 01:36:26 Warning: DebugKit not enabled. You need to either install pdo_sqlite, or define the "debug_kit" connection name.
2016-08-01 01:41:08 Warning: DebugKit not enabled. You need to either install pdo_sqlite, or define the "debug_kit" connection name.
2016-08-01 01:47:34 Warning: DebugKit not enabled. You need to either install pdo_sqlite, or define the "debug_kit" connection name.
2016-08-01 01:47:34 Error: Fatal Error (4): syntax error, unexpected 'パラメータA' (T_STRING), expecting ',' or ';' in [/var/www/html/my_first_cake/src/Controller/HeloController.php, line 18]
Request URL: /my_first_cake/helo
Client IP: 10.0.2.2
Trace:
Cake\Error\BaseErrorHandler::handleFatalError() - CORE/src/Error/BaseErrorHandler.php, line 215
Cake\Error\BaseErrorHandler::Cake\Error\{closure}() - CORE/src/Error/BaseErrorHandler.php, line 98
[main] - [internal], line ??



2016-08-01 01:47:34 Error: [Cake\Error\FatalErrorException] syntax error, unexpected 'パラメータA' (T_STRING), expecting ',' or ';'
Request URL: /my_first_cake/helo
Client IP: 10.0.2.2
Stack Trace:
#0 /var/www/html/my_first_cake/vendor/cakephp/cakephp/src/Error/BaseErrorHandler.php(98): Cake\Error\BaseErrorHandler->handleFatalError(4, 'syntax error, u...', '/var/www/html/m...', 18)
#1 [internal function]: Cake\Error\BaseErrorHandler->Cake\Error\{closure}()
#2 {main}


2016-08-01 01:48:41 Warning: DebugKit not enabled. You need to either install pdo_sqlite, or define the "debug_kit" connection name.
2016-08-01 01:48:41 Error: Fatal Error (4): syntax error, unexpected 'パラメータA' (T_STRING), expecting ',' or ';' in [/var/www/html/my_first_cake/src/Controller/HeloController.php, line 18]
Request URL: /my_first_cake/helo
Client IP: 10.0.2.2
Trace:
Cake\Error\BaseErrorHandler::handleFatalError() - CORE/src/Error/BaseErrorHandler.php, line 215
Cake\Error\BaseErrorHandler::Cake\Error\{closure}() - CORE/src/Error/BaseErrorHandler.php, line 98
[main] - [internal], line ??



2016-08-01 01:48:41 Error: [Cake\Error\FatalErrorException] syntax error, unexpected 'パラメータA' (T_STRING), expecting ',' or ';'
Request URL: /my_first_cake/helo
Client IP: 10.0.2.2
Stack Trace:
#0 /var/www/html/my_first_cake/vendor/cakephp/cakephp/src/Error/BaseErrorHandler.php(98): Cake\Error\BaseErrorHandler->handleFatalError(4, 'syntax error, u...', '/var/www/html/m...', 18)
#1 [internal function]: Cake\Error\BaseErrorHandler->Cake\Error\{closure}()
#2 {main}


2016-08-01 01:48:48 Warning: DebugKit not enabled. You need to either install pdo_sqlite, or define the "debug_kit" connection name.
2016-08-01 01:49:24 Warning: DebugKit not enabled. You need to either install pdo_sqlite, or define the "debug_kit" connection name.
2016-08-01 01:49:24 Error: [Cake\Controller\Exception\MissingActionException] Action HeloController::va1() could not be found, or is not accessible.
Exception Attributes: array (
  'controller' => 'HeloController',
  'action' => 'va1',
  'prefix' => '',
  'plugin' => NULL,
)
Request URL: /my_first_cake/helo/va1/1234
Client IP: 10.0.2.2
Stack Trace:
#0 /var/www/html/my_first_cake/vendor/cakephp/cakephp/src/Routing/Dispatcher.php(114): Cake\Controller\Controller->invokeAction()
#1 /var/www/html/my_first_cake/vendor/cakephp/cakephp/src/Routing/Dispatcher.php(87): Cake\Routing\Dispatcher->_invoke(Object(App\Controller\HeloController))
#2 /var/www/html/my_first_cake/webroot/index.php(37): Cake\Routing\Dispatcher->dispatch(Object(Cake\Network\Request), Object(Cake\Network\Response))
#3 {main}


2016-08-01 01:49:53 Warning: DebugKit not enabled. You need to either install pdo_sqlite, or define the "debug_kit" connection name.
2016-08-01 01:49:53 Error: [Cake\Controller\Exception\MissingActionException] Action HeloController::va1() could not be found, or is not accessible.
Exception Attributes: array (
  'controller' => 'HeloController',
  'action' => 'va1',
  'prefix' => '',
  'plugin' => NULL,
)
Request URL: /my_first_cake/helo/va1/1234
Client IP: 10.0.2.2
Stack Trace:
#0 /var/www/html/my_first_cake/vendor/cakephp/cakephp/src/Routing/Dispatcher.php(114): Cake\Controller\Controller->invokeAction()
#1 /var/www/html/my_first_cake/vendor/cakephp/cakephp/src/Routing/Dispatcher.php(87): Cake\Routing\Dispatcher->_invoke(Object(App\Controller\HeloController))
#2 /var/www/html/my_first_cake/webroot/index.php(37): Cake\Routing\Dispatcher->dispatch(Object(Cake\Network\Request), Object(Cake\Network\Response))
#3 {main}


2016-08-01 01:50:13 Warning: DebugKit not enabled. You need to either install pdo_sqlite, or define the "debug_kit" connection name.
2016-08-01 01:50:13 Error: [Cake\Controller\Exception\MissingActionException] Action HeloController::abc() could not be found, or is not accessible.
Exception Attributes: array (
  'controller' => 'HeloController',
  'action' => 'abc',
  'prefix' => '',
  'plugin' => NULL,
)
Request URL: /my_first_cake/helo/abc/123
Client IP: 10.0.2.2
Stack Trace:
#0 /var/www/html/my_first_cake/vendor/cakephp/cakephp/src/Routing/Dispatcher.php(114): Cake\Controller\Controller->invokeAction()
#1 /var/www/html/my_first_cake/vendor/cakephp/cakephp/src/Routing/Dispatcher.php(87): Cake\Routing\Dispatcher->_invoke(Object(App\Controller\HeloController))
#2 /var/www/html/my_first_cake/webroot/index.php(37): Cake\Routing\Dispatcher->dispatch(Object(Cake\Network\Request), Object(Cake\Network\Response))
#3 {main}


2016-08-01 01:51:26 Warning: DebugKit not enabled. You need to either install pdo_sqlite, or define the "debug_kit" connection name.
2016-08-01 01:51:36 Warning: DebugKit not enabled. You need to either install pdo_sqlite, or define the "debug_kit" connection name.
2016-08-01 01:51:36 Error: [Cake\Controller\Exception\MissingActionException] Action HeloController::abc() could not be found, or is not accessible.
Exception Attributes: array (
  'controller' => 'HeloController',
  'action' => 'abc',
  'prefix' => '',
  'plugin' => NULL,
)
Request URL: /my_first_cake/helo/abc
Client IP: 10.0.2.2
Stack Trace:
#0 /var/www/html/my_first_cake/vendor/cakephp/cakephp/src/Routing/Dispatcher.php(114): Cake\Controller\Controller->invokeAction()
#1 /var/www/html/my_first_cake/vendor/cakephp/cakephp/src/Routing/Dispatcher.php(87): Cake\Routing\Dispatcher->_invoke(Object(App\Controller\HeloController))
#2 /var/www/html/my_first_cake/webroot/index.php(37): Cake\Routing\Dispatcher->dispatch(Object(Cake\Network\Request), Object(Cake\Network\Response))
#3 {main}


2016-08-01 01:51:43 Warning: DebugKit not enabled. You need to either install pdo_sqlite, or define the "debug_kit" connection name.
2016-08-01 01:51:43 Error: [Cake\Controller\Exception\MissingActionException] Action HeloController::abc() could not be found, or is not accessible.
Exception Attributes: array (
  'controller' => 'HeloController',
  'action' => 'abc',
  'prefix' => '',
  'plugin' => NULL,
)
Request URL: /my_first_cake/helo/abc
Client IP: 10.0.2.2
Stack Trace:
#0 /var/www/html/my_first_cake/vendor/cakephp/cakephp/src/Routing/Dispatcher.php(114): Cake\Controller\Controller->invokeAction()
#1 /var/www/html/my_first_cake/vendor/cakephp/cakephp/src/Routing/Dispatcher.php(87): Cake\Routing\Dispatcher->_invoke(Object(App\Controller\HeloController))
#2 /var/www/html/my_first_cake/webroot/index.php(37): Cake\Routing\Dispatcher->dispatch(Object(Cake\Network\Request), Object(Cake\Network\Response))
#3 {main}


2016-08-01 01:52:55 Warning: DebugKit not enabled. You need to either install pdo_sqlite, or define the "debug_kit" connection name.
2016-08-01 01:53:00 Warning: DebugKit not enabled. You need to either install pdo_sqlite, or define the "debug_kit" connection name.
2016-08-01 01:54:31 Warning: DebugKit not enabled. You need to either install pdo_sqlite, or define the "debug_kit" connection name.
2016-08-01 02:10:19 Warning: DebugKit not enabled. You need to either install pdo_sqlite, or define the "debug_kit" connection name.
2016-08-01 02:11:07 Warning: DebugKit not enabled. You need to either install pdo_sqlite, or define the "debug_kit" connection name.
2016-08-01 02:14:33 Warning: DebugKit not enabled. You need to either install pdo_sqlite, or define the "debug_kit" connection name.
2016-08-01 02:14:40 Warning: DebugKit not enabled. You need to either install pdo_sqlite, or define the "debug_kit" connection name.
2016-08-01 02:15:17 Warning: DebugKit not enabled. You need to either install pdo_sqlite, or define the "debug_kit" connection name.
2016-08-01 02:15:41 Warning: DebugKit not enabled. You need to either install pdo_sqlite, or define the "debug_kit" connection name.
2016-08-01 02:15:54 Warning: DebugKit not enabled. You need to either install pdo_sqlite, or define the "debug_kit" connection name.
2016-08-01 02:16:05 Warning: DebugKit not enabled. You need to either install pdo_sqlite, or define the "debug_kit" connection name.
2016-08-01 02:17:49 Warning: DebugKit not enabled. You need to either install pdo_sqlite, or define the "debug_kit" connection name.
2016-08-01 02:17:58 Warning: DebugKit not enabled. You need to either install pdo_sqlite, or define the "debug_kit" connection name.
2016-08-01 02:18:15 Warning: DebugKit not enabled. You need to either install pdo_sqlite, or define the "debug_kit" connection name.
2016-08-01 02:18:29 Warning: DebugKit not enabled. You need to either install pdo_sqlite, or define the "debug_kit" connection name.
2016-08-01 02:18:32 Warning: DebugKit not enabled. You need to either install pdo_sqlite, or define the "debug_kit" connection name.
2016-08-01 02:18:40 Warning: DebugKit not enabled. You need to either install pdo_sqlite, or define the "debug_kit" connection name.
2016-08-01 02:36:22 Warning: DebugKit not enabled. You need to either install pdo_sqlite, or define the "debug_kit" connection name.
2016-08-01 02:36:31 Warning: DebugKit not enabled. You need to either install pdo_sqlite, or define the "debug_kit" connection name.
2016-08-01 02:36:34 Warning: DebugKit not enabled. You need to either install pdo_sqlite, or define the "debug_kit" connection name.
2016-08-01 02:39:26 Warning: DebugKit not enabled. You need to either install pdo_sqlite, or define the "debug_kit" connection name.
2016-08-01 02:39:27 Warning: DebugKit not enabled. You need to either install pdo_sqlite, or define the "debug_kit" connection name.
2016-08-01 02:39:27 Error: [Cake\Controller\Exception\MissingActionException] Action HeloController::ballboy.js() could not be found, or is not accessible.
Exception Attributes: array (
  'controller' => 'HeloController',
  'action' => 'ballboy.js',
  'prefix' => '',
  'plugin' => NULL,
)
Request URL: /my_first_cake/helo/ballboy.js
Referer URL: http://localhost:8080/my_first_cake/helo/ballboy
Client IP: 10.0.2.2
Stack Trace:
#0 /var/www/html/my_first_cake/vendor/cakephp/cakephp/src/Routing/Dispatcher.php(114): Cake\Controller\Controller->invokeAction()
#1 /var/www/html/my_first_cake/vendor/cakephp/cakephp/src/Routing/Dispatcher.php(87): Cake\Routing\Dispatcher->_invoke(Object(App\Controller\HeloController))
#2 /var/www/html/my_first_cake/webroot/index.php(37): Cake\Routing\Dispatcher->dispatch(Object(Cake\Network\Request), Object(Cake\Network\Response))
#3 {main}


2016-08-01 02:40:12 Warning: DebugKit not enabled. You need to either install pdo_sqlite, or define the "debug_kit" connection name.
2016-08-01 02:40:12 Warning: DebugKit not enabled. You need to either install pdo_sqlite, or define the "debug_kit" connection name.
2016-08-01 02:40:12 Error: [Cake\Controller\Exception\MissingActionException] Action HeloController::ballboy.js() could not be found, or is not accessible.
Exception Attributes: array (
  'controller' => 'HeloController',
  'action' => 'ballboy.js',
  'prefix' => '',
  'plugin' => NULL,
)
Request URL: /my_first_cake/helo/ballboy.js
Referer URL: http://localhost:8080/my_first_cake/helo/ballboy
Client IP: 10.0.2.2
Stack Trace:
#0 /var/www/html/my_first_cake/vendor/cakephp/cakephp/src/Routing/Dispatcher.php(114): Cake\Controller\Controller->invokeAction()
#1 /var/www/html/my_first_cake/vendor/cakephp/cakephp/src/Routing/Dispatcher.php(87): Cake\Routing\Dispatcher->_invoke(Object(App\Controller\HeloController))
#2 /var/www/html/my_first_cake/webroot/index.php(37): Cake\Routing\Dispatcher->dispatch(Object(Cake\Network\Request), Object(Cake\Network\Response))
#3 {main}


2016-08-01 02:40:42 Warning: DebugKit not enabled. You need to either install pdo_sqlite, or define the "debug_kit" connection name.
2016-08-01 02:40:42 Warning: DebugKit not enabled. You need to either install pdo_sqlite, or define the "debug_kit" connection name.
2016-08-01 02:41:17 Warning: DebugKit not enabled. You need to either install pdo_sqlite, or define the "debug_kit" connection name.
2016-08-01 02:41:18 Warning: DebugKit not enabled. You need to either install pdo_sqlite, or define the "debug_kit" connection name.
2016-08-01 02:41:18 Error: [Cake\Controller\Exception\MissingActionException] Action HeloController::ballboy.js() could not be found, or is not accessible.
Exception Attributes: array (
  'controller' => 'HeloController',
  'action' => 'ballboy.js',
  'prefix' => '',
  'plugin' => NULL,
)
Request URL: /my_first_cake/helo/ballboy.js
Referer URL: http://localhost:8080/my_first_cake/helo/ballboy
Client IP: 10.0.2.2
Stack Trace:
#0 /var/www/html/my_first_cake/vendor/cakephp/cakephp/src/Routing/Dispatcher.php(114): Cake\Controller\Controller->invokeAction()
#1 /var/www/html/my_first_cake/vendor/cakephp/cakephp/src/Routing/Dispatcher.php(87): Cake\Routing\Dispatcher->_invoke(Object(App\Controller\HeloController))
#2 /var/www/html/my_first_cake/webroot/index.php(37): Cake\Routing\Dispatcher->dispatch(Object(Cake\Network\Request), Object(Cake\Network\Response))
#3 {main}


2016-08-01 02:41:31 Warning: DebugKit not enabled. You need to either install pdo_sqlite, or define the "debug_kit" connection name.
2016-08-01 02:41:31 Warning: DebugKit not enabled. You need to either install pdo_sqlite, or define the "debug_kit" connection name.
2016-08-01 02:41:31 Error: [Cake\Routing\Exception\MissingControllerException] Controller class Ballboy.js could not be found.
Exception Attributes: array (
  'class' => 'Ballboy.js',
  'plugin' => NULL,
  'prefix' => NULL,
  '_ext' => NULL,
)
Request URL: /my_first_cake/ballboy.js
Referer URL: http://localhost:8080/my_first_cake/helo/ballboy
Client IP: 10.0.2.2
Stack Trace:
#0 /var/www/html/my_first_cake/webroot/index.php(37): Cake\Routing\Dispatcher->dispatch(Object(Cake\Network\Request), Object(Cake\Network\Response))
#1 {main}


2016-08-01 02:42:31 Warning: DebugKit not enabled. You need to either install pdo_sqlite, or define the "debug_kit" connection name.
2016-08-01 02:42:32 Warning: DebugKit not enabled. You need to either install pdo_sqlite, or define the "debug_kit" connection name.
2016-08-01 02:42:32 Error: [Cake\Routing\Exception\MissingControllerException] Controller class Src could not be found.
Exception Attributes: array (
  'class' => 'Src',
  'plugin' => NULL,
  'prefix' => NULL,
  '_ext' => NULL,
)
Request URL: /my_first_cake/src/ballboy.js
Referer URL: http://localhost:8080/my_first_cake/helo/ballboy
Client IP: 10.0.2.2
Stack Trace:
#0 /var/www/html/my_first_cake/webroot/index.php(37): Cake\Routing\Dispatcher->dispatch(Object(Cake\Network\Request), Object(Cake\Network\Response))
#1 {main}


2016-08-01 02:42:42 Warning: DebugKit not enabled. You need to either install pdo_sqlite, or define the "debug_kit" connection name.
2016-08-01 02:42:43 Warning: DebugKit not enabled. You need to either install pdo_sqlite, or define the "debug_kit" connection name.
2016-08-01 02:42:43 Error: [Cake\Routing\Exception\MissingControllerException] Controller class Src could not be found.
Exception Attributes: array (
  'class' => 'Src',
  'plugin' => NULL,
  'prefix' => NULL,
  '_ext' => NULL,
)
Request URL: /my_first_cake/src/MyController/ballboy.js
Referer URL: http://localhost:8080/my_first_cake/helo/ballboy
Client IP: 10.0.2.2
Stack Trace:
#0 /var/www/html/my_first_cake/webroot/index.php(37): Cake\Routing\Dispatcher->dispatch(Object(Cake\Network\Request), Object(Cake\Network\Response))
#1 {main}


2016-08-01 02:43:04 Warning: DebugKit not enabled. You need to either install pdo_sqlite, or define the "debug_kit" connection name.
2016-08-01 02:43:04 Warning: DebugKit not enabled. You need to either install pdo_sqlite, or define the "debug_kit" connection name.
2016-08-01 02:43:04 Error: [Cake\Routing\Exception\MissingControllerException] Controller class Src could not be found.
Exception Attributes: array (
  'class' => 'Src',
  'plugin' => NULL,
  'prefix' => NULL,
  '_ext' => NULL,
)
Request URL: /my_first_cake/src/Controller/ballboy.js
Referer URL: http://localhost:8080/my_first_cake/helo/ballboy
Client IP: 10.0.2.2
Stack Trace:
#0 /var/www/html/my_first_cake/webroot/index.php(37): Cake\Routing\Dispatcher->dispatch(Object(Cake\Network\Request), Object(Cake\Network\Response))
#1 {main}


2016-08-01 02:43:30 Warning: DebugKit not enabled. You need to either install pdo_sqlite, or define the "debug_kit" connection name.
2016-08-01 02:43:30 Warning: DebugKit not enabled. You need to either install pdo_sqlite, or define the "debug_kit" connection name.
2016-08-01 02:43:30 Error: [Cake\Routing\Exception\MissingControllerException] Controller class Src could not be found.
Exception Attributes: array (
  'class' => 'Src',
  'plugin' => NULL,
  'prefix' => NULL,
  '_ext' => NULL,
)
Request URL: /my_first_cake/src/Controller/ballboy.js
Referer URL: http://localhost:8080/my_first_cake/helo/ballboy
Client IP: 10.0.2.2
Stack Trace:
#0 /var/www/html/my_first_cake/webroot/index.php(37): Cake\Routing\Dispatcher->dispatch(Object(Cake\Network\Request), Object(Cake\Network\Response))
#1 {main}


2016-08-01 02:43:47 Warning: DebugKit not enabled. You need to either install pdo_sqlite, or define the "debug_kit" connection name.
2016-08-01 02:43:47 Error: [Cake\Routing\Exception\MissingControllerException] Controller class Src could not be found.
Exception Attributes: array (
  'class' => 'Src',
  'plugin' => NULL,
  'prefix' => NULL,
  '_ext' => NULL,
)
Request URL: /my_first_cake/src/
Client IP: 10.0.2.2
Stack Trace:
#0 /var/www/html/my_first_cake/webroot/index.php(37): Cake\Routing\Dispatcher->dispatch(Object(Cake\Network\Request), Object(Cake\Network\Response))
#1 {main}


2016-08-01 02:44:02 Warning: DebugKit not enabled. You need to either install pdo_sqlite, or define the "debug_kit" connection name.
2016-08-01 02:44:02 Error: [Cake\Routing\Exception\MissingControllerException] Controller class Src could not be found.
Exception Attributes: array (
  'class' => 'Src',
  'plugin' => NULL,
  'prefix' => NULL,
  '_ext' => NULL,
)
Request URL: /my_first_cake/src/Controller/
Client IP: 10.0.2.2
Stack Trace:
#0 /var/www/html/my_first_cake/webroot/index.php(37): Cake\Routing\Dispatcher->dispatch(Object(Cake\Network\Request), Object(Cake\Network\Response))
#1 {main}


2016-08-01 02:44:07 Warning: DebugKit not enabled. You need to either install pdo_sqlite, or define the "debug_kit" connection name.
2016-08-01 02:44:19 Warning: DebugKit not enabled. You need to either install pdo_sqlite, or define the "debug_kit" connection name.
2016-08-01 02:44:23 Warning: DebugKit not enabled. You need to either install pdo_sqlite, or define the "debug_kit" connection name.
2016-08-01 02:44:23 Error: [Cake\Routing\Exception\MissingControllerException] Controller class Index could not be found.
Exception Attributes: array (
  'class' => 'Index',
  'plugin' => NULL,
  'prefix' => NULL,
  '_ext' => NULL,
)
Request URL: /my_first_cake/index
Client IP: 10.0.2.2
Stack Trace:
#0 /var/www/html/my_first_cake/webroot/index.php(37): Cake\Routing\Dispatcher->dispatch(Object(Cake\Network\Request), Object(Cake\Network\Response))
#1 {main}


2016-08-01 02:45:45 Warning: DebugKit not enabled. You need to either install pdo_sqlite, or define the "debug_kit" connection name.
2016-08-01 02:45:45 Error: [Cake\Routing\Exception\MissingControllerException] Controller class Index could not be found.
Exception Attributes: array (
  'class' => 'Index',
  'plugin' => NULL,
  'prefix' => NULL,
  '_ext' => NULL,
)
Request URL: /my_first_cake/index
Client IP: 10.0.2.2
Stack Trace:
#0 /var/www/html/my_first_cake/webroot/index.php(37): Cake\Routing\Dispatcher->dispatch(Object(Cake\Network\Request), Object(Cake\Network\Response))
#1 {main}


2016-08-01 02:45:48 Warning: DebugKit not enabled. You need to either install pdo_sqlite, or define the "debug_kit" connection name.
2016-08-01 02:46:06 Warning: DebugKit not enabled. You need to either install pdo_sqlite, or define the "debug_kit" connection name.
2016-08-01 02:46:40 Warning: DebugKit not enabled. You need to either install pdo_sqlite, or define the "debug_kit" connection name.
